  1>Checking Build System
  CMake is re-running because C:/Work/VoIP/N_projects/Saylo/linphone-desktop/build/linphone-app/CMakeFiles/generate.stamp is out-of-date.
    the file 'C:/Work/VoIP/N_projects/Saylo/linphone-desktop/linphone-app/resources.qrc'
    is newer than 'C:/Work/VoIP/N_projects/Saylo/linphone-desktop/build/linphone-app/CMakeFiles/generate.stamp.depend'
    result='-1'
  CMake Deprecation Warning at CMakeLists.txt:22 (cmake_minimum_required):
    Compatibility with CMake < 3.5 will be removed from a future version of
    CMake.
  
    Update the VERSION argument <min> value or use a ...<max> suffix to tell
    CMake that the project does not need compatibility with older versions.
  
  
  CMake Warning (dev) at C:/Work/VoIP/N_projects/Saylo/linphone-desktop/build/linphone-sdk/desktop/share/bctoolbox/cmake/bctoolboxTargets.cmake:59 (add_library):
    ADD_LIBRARY called with SHARED option but the target platform does not
    support dynamic linking.  Building a STATIC library instead.  This may lead
    to problems.
  Call Stack (most recent call first):
    C:/Work/VoIP/N_projects/Saylo/linphone-desktop/build/linphone-sdk/desktop/share/bctoolbox/cmake/bctoolboxConfig.cmake:56 (include)
    CMakeLists.txt:24 (find_package)
  This warning is for project developers.  Use -Wno-dev to suppress it.
  
  -- Selecting Windows SDK version 10.0.17763.0 to target Windows 10.0.19045.
  Options : ON, OFF, OFF, OFF, OFF, OFF, OFF, 
  INSTALL_PREFIX=C:/Work/VoIP/N_projects/Saylo/linphone-desktop/build/OUTPUT FRAMEWORK_PATH=, PREFIX_PATH=C:/Work/VoIP/N_projects/Saylo/linphone-desktop/build/linphone-sdk/desktop;C:/Work/VoIP/N_projects/Saylo/linphone-desktop/build/OUTPUT;C:/Work/VoIP/N_projects/Saylo/linphone-desktop/build/OUTPUT/include;C:/Work/VoIP/N_projects/Saylo/linphone-desktop/build/OUTPUT/bin;C:/Work/VoIP/N_projects/Saylo/linphone-desktop/build/qtkeychain/lib64/cmake;C:/Work/VoIP/N_projects/Saylo/linphone-desktop/build/qtkeychain/lib/cmake;C:/Work/VoIP/N_projects/Saylo/linphone-desktop/build/qtkeychain/lib64/cmake;C:/Work/VoIP/N_projects/Saylo/linphone-desktop/build/qtkeychain/lib/cmake
  LINPHONE : C:/Work/VoIP/N_projects/Saylo/linphone-desktop/build/linphone-sdk/desktop/include/ => linphone
  LINPHONECXX : C:/Work/VoIP/N_projects/Saylo/linphone-desktop/build/linphone-sdk/desktop/include => linphone++
  Optional package TextToSpeech found.
  Optional package QmlModels not found.
  Optional package Pdf not found.
  Optional package PdfWidgets not found.
  QML_IMPORT_PATH=C:/Work/VoIP/N_projects/Saylo/linphone-desktop/linphone-app/ui/modules;C:/Work/VoIP/N_projects/Saylo/linphone-desktop/linphone-app/ui/dev-modules;C:/Work/VoIP/N_projects/Saylo/linphone-desktop/linphone-app/ui/scripts;C:/Work/VoIP/N_projects/Saylo/linphone-desktop/linphone-app/ui/views
  Qt5 Paths : Qt5_DIR=C:\Qt\Qt5.13.2\5.13.2\msvc2017\lib\cmake\Qt5, PATH=C:\Program Files (x86)\Microsoft Visual Studio\2017\Community\VC\Tools\MSVC\14.16.27023\bin\HostX86\x86;C:\Program Files (x86)\Windows Kits\10\bin\10.0.17763.0\x86;;C:\Program Files (x86)\Microsoft SDKs\Windows\v10.0A\bin\NETFX 4.6.1 Tools;C:\Program Files (x86)\Microsoft Visual Studio\2017\Community\Common7\tools;C:\Program Files (x86)\Microsoft Visual Studio\2017\Community\Common7\ide;C:\Program Files (x86)\HTML Help Workshop;;C:\Program Files (x86)\Microsoft Visual Studio\2017\Community\MSBuild\15.0\Bin;C:\Windows\Microsoft.NET\Framework\v4.0.30319\;C:\Windows\SysWow64;;C:\Program Files (x86)\VMware\VMware Player\bin\;C:\Windows\system32;C:\Windows;C:\Windows\System32\Wbem;C:\Windows\System32\WindowsPowerShell\v1.0\;C:\Windows\System32\OpenSSH\;C:\Program Files\Git\cmd;C:\Program Files\dotnet\;C:\Program Files\Microsoft SQL Server\150\Tools\Binn\;C:\Program Files\Microsoft SQL Server\Client SDK\ODBC\170\Tools\Binn\;C:\Program Files\Common Files\Oracle\Java\javapath;C:\Qt\Qt5.13.2\5.13.2\msvc2017\bin;C:\Program Files\doxygen\bin;C:\msys64\mingw32\bin;C:\msys64;C:\msys64\usr\bin;C:\Program Files\CMake\bin;C:\Program Files\7-Zip\;;C:\Program Files\Docker\Docker\resources\bin;C:\Program Files\PuTTY\;C:\Users\m.baraket\AppData\Local\Microsoft\WindowsApps;;C:\Users\m.baraket\AppData\Local\Programs\Microsoft VS Code\bin;C:\Users\m.baraket\.dotnet\tools;
  LIBRARIES : Qt5::TextToSpeech;C:/Work/VoIP/N_projects/Saylo/linphone-desktop/build/linphone-sdk/desktop/lib/bctoolbox.lib;C:/Work/VoIP/N_projects/Saylo/linphone-desktop/build/linphone-sdk/desktop/lib/belcard.lib;C:/Work/VoIP/N_projects/Saylo/linphone-desktop/build/linphone-sdk/desktop/lib/liblinphone.lib;C:/Work/VoIP/N_projects/Saylo/linphone-desktop/build/linphone-sdk/desktop/lib/liblinphone++.lib;C:/Work/VoIP/N_projects/Saylo/linphone-desktop/build/linphone-sdk/desktop/lib/mediastreamer.lib;C:/Work/VoIP/N_projects/Saylo/linphone-desktop/build/linphone-sdk/desktop/lib/ortp.lib
  -- Package file name is linphone-5.1.3-pre.33+a987a49e
  CMake Deprecation Warning at cmake_builder/linphone_package/CMakeLists.txt:23 (cmake_minimum_required):
    Compatibility with CMake < 3.5 will be removed from a future version of
    CMake.
  
    Update the VERSION argument <min> value or use a ...<max> suffix to tell
    CMake that the project does not need compatibility with older versions.
  
  
  Linphone-packages paths : C:/Work/VoIP/N_projects/Saylo/linphone-desktop/linphone-app/cmake_builder/linphone_package C:/Work/VoIP/N_projects/Saylo/linphone-desktop/build/linphone-app/cmake_builder/linphone_package
  -- Versions : 5.1.3-pre.33+a987a49e, 5.1.3
  -- Configuring done (0.5s)
  -- Generating done (0.4s)
  -- Build files have been written to: C:/Work/VoIP/N_projects/Saylo/linphone-desktop/build/linphone-app
